joining nodes  1 and  2, creating internal node 21
subtree below new node 21:
	(Homosapie:0.02924755103488889,Xenopusla:0.021778841927111107)
19 nodes left to join:
	[21, 3, 4, 5, 6, 7, 8, 9, 10, 11, 12, 13, 14, 15, 16, 17, 18, 19, 20]
________________________________________________________________________________
joining nodes 14 and 15, creating internal node 22
subtree below new node 22:
	(Leucospori:0.0098172971579853,Sporobolom:0.011305443089014702)
18 nodes left to join:
	[21, 3, 4, 5, 6, 7, 8, 9, 10, 11, 12, 13, 22, 16, 17, 18, 19, 20]
________________________________________________________________________________
joining nodes 21 and  3, creating internal node 23
subtree below new node 23:
	((Homosapie:0.02924755103488889,Xenopusla:0.021778841927111107):0.08114770060050783,Artemiasa:0.11616511535899218)
17 nodes left to join:
	[23, 4, 5, 6, 7, 8, 9, 10, 11, 12, 13, 22, 16, 17, 18, 19, 20]
________________________________________________________________________________
joining nodes 17 and 19, creating internal node 24
subtree below new node 24:
	(Chlamydomo:0.010749288627016637,Volvoxcar:0.009419747100983361)
16 nodes left to join:
	[23, 4, 5, 6, 7, 8, 9, 10, 11, 12, 13, 22, 16, 24, 18, 20]
________________________________________________________________________________
joining nodes  5 and  6, creating internal node 25
subtree below new node 25:
	(Oryzasati:0.0061716773969643,Zeamaysxx:0.0143528379960357)
15 nodes left to join:
	[23, 4, 25, 7, 8, 9, 10, 11, 12, 13, 22, 16, 24, 18, 20]
________________________________________________________________________________
joining nodes 25 and  7, creating internal node 26
subtree below new node 26:
	((Oryzasati:0.0061716773969643,Zeamaysxx:0.0143528379960357):0.02197552496695191,Glycinema:0.025865134953548086)
14 nodes left to join:
	[23, 4, 26, 8, 9, 10, 11, 12, 13, 22, 16, 24, 18, 20]
________________________________________________________________________________
joining nodes 26 and  8, creating internal node 27
subtree below new node 27:
	(((Oryzasati:0.0061716773969643,Zeamaysxx:0.0143528379960357):0.02197552496695191,Glycinema:0.025865134953548086):0.01417354623424481,Zamiapumi:0.041985046430755193)
13 nodes left to join:
	[23, 4, 27, 9, 10, 11, 12, 13, 22, 16, 24, 18, 20]
________________________________________________________________________________
joining nodes 24 and 18, creating internal node 28
subtree below new node 28:
	((Chlamydomo:0.010749288627016637,Volvoxcar:0.009419747100983361):0.031210936093406267,Chlorellaa:0.04110170407209374)
12 nodes left to join:
	[23, 4, 27, 9, 10, 11, 12, 13, 22, 16, 28, 20]
________________________________________________________________________________
joining nodes 10 and 12, creating internal node 29
subtree below new node 29:
	(Kluyveromy:0.008400335147631251,Saccharomy:0.013484863547368749)
11 nodes left to join:
	[23, 4, 27, 9, 29, 11, 13, 22, 16, 28, 20]
________________________________________________________________________________
joining nodes  9 and 29, creating internal node 30
subtree below new node 30:
	(Candidaal:0.019243759892322902,(Kluyveromy:0.008400335147631251,Saccharomy:0.013484863547368749):0.018706281291177095)
10 nodes left to join:
	[23, 4, 27, 30, 11, 13, 22, 16, 28, 20]
________________________________________________________________________________
joining nodes 13 and 16, creating internal node 31
subtree below new node 31:
	(Bulleraal:0.020002847598359373,Trichospor:0.022424966190640626)
9 nodes left to join:
	[23, 4, 27, 30, 11, 31, 22, 28, 20]
________________________________________________________________________________
joining nodes 27 and 28, creating internal node 32
subtree below new node 32:
	((((Oryzasati:0.0061716773969643,Zeamaysxx:0.0143528379960357):0.02197552496695191,Glycinema:0.025865134953548086):0.01417354623424481,Zamiapumi:0.041985046430755193):0.03377916779845535,((Chlamydomo:0.010749288627016637,Volvoxcar:0.009419747100983361):0.031210936093406267,Chlorellaa:0.04110170407209374):0.03217114798238841)
8 nodes left to join:
	[23, 4, 32, 30, 11, 31, 22, 20]
________________________________________________________________________________
joining nodes 31 and 22, creating internal node 33
subtree below new node 33:
	((Bulleraal:0.020002847598359373,Trichospor:0.022424966190640626):0.027329815263197922,(Leucospori:0.0098172971579853,Sporobolom:0.011305443089014702):0.08077801428405207)
7 nodes left to join:
	[23, 4, 32, 30, 11, 33, 20]
________________________________________________________________________________
joining nodes 30 and 11, creating internal node 34
subtree below new node 34:
	((Candidaal:0.019243759892322902,(Kluyveromy:0.008400335147631251,Saccharomy:0.013484863547368749):0.018706281291177095):0.035214710391360926,Neurospora:0.07166376672263906)
6 nodes left to join:
	[23, 4, 32, 34, 33, 20]
________________________________________________________________________________
joining nodes 34 and 33, creating internal node 35
subtree below new node 35:
	(((Candidaal:0.019243759892322902,(Kluyveromy:0.008400335147631251,Saccharomy:0.013484863547368749):0.018706281291177095):0.035214710391360926,Neurospora:0.07166376672263906):0.011126122879444332,((Bulleraal:0.020002847598359373,Trichospor:0.022424966190640626):0.027329815263197922,(Leucospori:0.0098172971579853,Sporobolom:0.011305443089014702):0.08077801428405207):0.012930904895555671)
5 nodes left to join:
	[23, 4, 32, 35, 20]
________________________________________________________________________________
joining nodes 32 and 20, creating internal node 36
subtree below new node 36:
	(((((Oryzasati:0.0061716773969643,Zeamaysxx:0.0143528379960357):0.02197552496695191,Glycinema:0.025865134953548086):0.01417354623424481,Zamiapumi:0.041985046430755193):0.03377916779845535,((Chlamydomo:0.010749288627016637,Volvoxcar:0.009419747100983361):0.031210936093406267,Chlorellaa:0.04110170407209374):0.03217114798238841):0.02786998226327543,Palmariap:0.2015992260026777)
4 nodes left to join:
	[23, 4, 36, 35]
________________________________________________________________________________
joining nodes 36 and 35, creating internal node 37
subtree below new node 37:
	((((((Oryzasati:0.0061716773969643,Zeamaysxx:0.0143528379960357):0.02197552496695191,Glycinema:0.025865134953548086):0.01417354623424481,Zamiapumi:0.041985046430755193):0.03377916779845535,((Chlamydomo:0.010749288627016637,Volvoxcar:0.009419747100983361):0.031210936093406267,Chlorellaa:0.04110170407209374):0.03217114798238841):0.02786998226327543,Palmariap:0.2015992260026777):0.01282991248020214,(((Candidaal:0.019243759892322902,(Kluyveromy:0.008400335147631251,Saccharomy:0.013484863547368749):0.018706281291177095):0.035214710391360926,Neurospora:0.07166376672263906):0.011126122879444332,((Bulleraal:0.020002847598359373,Trichospor:0.022424966190640626):0.027329815263197922,(Leucospori:0.0098172971579853,Sporobolom:0.011305443089014702):0.08077801428405207):0.012930904895555671):0.030469872136733397)
3 nodes left to join:
	[23, 4, 37]
________________________________________________________________________________
joining nodes 23 and  4, creating internal node 38
subtree below new node 38:
	(((Homosapie:0.02924755103488889,Xenopusla:0.021778841927111107):0.08114770060050783,Artemiasa:0.11616511535899218):0.06494892127699999,Anemonias:0.07924348839900001)
2 nodes left to join:
	[38, 37]
________________________________________________________________________________
joining nodes 38 and 37, creating internal node 39
subtree below new node 39:
	((((Homosapie:0.02924755103488889,Xenopusla:0.021778841927111107):0.08114770060050783,Artemiasa:0.11616511535899218):0.06494892127699999,Anemonias:0.07924348839900001):0.009972187360844695,((((((Oryzasati:0.0061716773969643,Zeamaysxx:0.0143528379960357):0.02197552496695191,Glycinema:0.025865134953548086):0.01417354623424481,Zamiapumi:0.041985046430755193):0.03377916779845535,((Chlamydomo:0.010749288627016637,Volvoxcar:0.009419747100983361):0.031210936093406267,Chlorellaa:0.04110170407209374):0.03217114798238841):0.02786998226327543,Palmariap:0.2015992260026777):0.01282991248020214,(((Candidaal:0.019243759892322902,(Kluyveromy:0.008400335147631251,Saccharomy:0.013484863547368749):0.018706281291177095):0.035214710391360926,Neurospora:0.07166376672263906):0.011126122879444332,((Bulleraal:0.020002847598359373,Trichospor:0.022424966190640626):0.027329815263197922,(Leucospori:0.0098172971579853,Sporobolom:0.011305443089014702):0.08077801428405207):0.012930904895555671):0.030469872136733397):0.0)
1 nodes left to join:
	[39]
________________________________________________________________________________
